Determining if the pthread_create exist failed with the following output:
Change Dir: /home/diego/TFG/build/CMakeFiles/CMakeTmp

Run Build Command:"/usr/bin/make" "cmTC_caa48/fast"
/usr/bin/make -f CMakeFiles/cmTC_caa48.dir/build.make CMakeFiles/cmTC_caa48.dir/build
make[1]: se entra en el directorio '/home/diego/TFG/build/CMakeFiles/CMakeTmp'
Building C object CMakeFiles/cmTC_caa48.dir/CheckSymbolExists.c.o
/usr/bin/cc     -o CMakeFiles/cmTC_caa48.dir/CheckSymbolExists.c.o   -c /home/diego/TFG/build/CMakeFiles/CMakeTmp/CheckSymbolExists.c
Linking C executable cmTC_caa48
/usr/bin/cmake -E cmake_link_script CMakeFiles/cmTC_caa48.dir/link.txt --verbose=1
/usr/bin/cc       CMakeFiles/cmTC_caa48.dir/CheckSymbolExists.c.o  -o cmTC_caa48 -rdynamic 
CMakeFiles/cmTC_caa48.dir/CheckSymbolExists.c.o: En la función `main':
CheckSymbolExists.c:(.text+0x16): referencia a `pthread_create' sin definir
collect2: error: ld returned 1 exit status
CMakeFiles/cmTC_caa48.dir/build.make:97: fallo en las instrucciones para el objetivo 'cmTC_caa48'
make[1]: *** [cmTC_caa48] Error 1
make[1]: se sale del directorio '/home/diego/TFG/build/CMakeFiles/CMakeTmp'
Makefile:126: fallo en las instrucciones para el objetivo 'cmTC_caa48/fast'
make: *** [cmTC_caa48/fast] Error 2

File /home/diego/TFG/build/CMakeFiles/CMakeTmp/CheckSymbolExists.c:
/* */
#include <pthread.h>

int main(int argc, char** argv)
{
  (void)argv;
#ifndef pthread_create
  return ((int*)(&pthread_create))[argc];
#else
  (void)argc;
  return 0;
#endif
}

Determining if the function pthread_create exists in the pthreads failed with the following output:
Change Dir: /home/diego/TFG/build/CMakeFiles/CMakeTmp

Run Build Command:"/usr/bin/make" "cmTC_6c58a/fast"
/usr/bin/make -f CMakeFiles/cmTC_6c58a.dir/build.make CMakeFiles/cmTC_6c58a.dir/build
make[1]: se entra en el directorio '/home/diego/TFG/build/CMakeFiles/CMakeTmp'
Building C object CMakeFiles/cmTC_6c58a.dir/CheckFunctionExists.c.o
/usr/bin/cc    -DCHECK_FUNCTION_EXISTS=pthread_create   -o CMakeFiles/cmTC_6c58a.dir/CheckFunctionExists.c.o   -c /usr/share/cmake-3.5/Modules/CheckFunctionExists.c
Linking C executable cmTC_6c58a
/usr/bin/cmake -E cmake_link_script CMakeFiles/cmTC_6c58a.dir/link.txt --verbose=1
/usr/bin/cc   -DCHECK_FUNCTION_EXISTS=pthread_create    CMakeFiles/cmTC_6c58a.dir/CheckFunctionExists.c.o  -o cmTC_6c58a -rdynamic -lpthreads 
/usr/bin/ld: no se puede encontrar -lpthreads
collect2: error: ld returned 1 exit status
CMakeFiles/cmTC_6c58a.dir/build.make:97: fallo en las instrucciones para el objetivo 'cmTC_6c58a'
make[1]: *** [cmTC_6c58a] Error 1
make[1]: se sale del directorio '/home/diego/TFG/build/CMakeFiles/CMakeTmp'
Makefile:126: fallo en las instrucciones para el objetivo 'cmTC_6c58a/fast'
make: *** [cmTC_6c58a/fast] Error 2


